<?xml version="1.0" encoding="UTF-8"?>
<!-- Generated by org.testng.reporters.JUnitReportReporter -->
<testsuite hostname="DESKTOP-3PMDTNC" failures="0" tests="1" name="Login.LoginPage" time="1.548" errors="0" timestamp="2024-10-04T14:11:19 IST" skipped="0">
  <testcase classname="Login.LoginPage" name="openFacebook" time="1.548"/>
  <system-out/>
</testsuite> <!-- Login.LoginPage -->
